# JRE version: OpenJDK Runtime Environment (8.0_152-b02) (build 1.8.0_152-release-1024-b02)
# Java VM: OpenJDK 64-Bit Server VM (25.152-b02 mixed mode windows-amd64 compressed oops)
Heap:
 PSYoungGen      total 450048K, used 68828K [0x00000000e0000000, 0x0000000100000000, 0x0000000100000000)
  eden space 375808K, 8% used [0x00000000e0000000,0x00000000e209df40,0x00000000f6f00000)
  from space 74240K, 47% used [0x00000000f6f00000,0x00000000f9199480,0x00000000fb780000)
  to   space 73216K, 0% used [0x00000000fb880000,0x00000000fb880000,0x0000000100000000)
 ParOldGen       total 244736K, used 124398K [0x00000000a0000000, 0x00000000aef00000, 0x00000000e0000000)
  object space 244736K, 50% used [0x00000000a0000000,0x00000000a797ba18,0x00000000aef00000)
 Metaspace       used 121401K, capacity 130188K, committed 130264K, reserved 1163264K
  class space    used 15439K, capacity 17143K, committed 17152K, reserved 1048576K
GC Heap History (10 events):
Event: 12316.961 GC heap before
{Heap before GC invocations=93 (full 10):
 PSYoungGen      total 437248K, used 394072K [0x00000000e0000000, 0x00000000ff380000, 0x0000000100000000)
  eden space 379392K, 99% used [0x00000000e0000000,0x00000000f723d388,0x00000000f7280000)
  from space 57856K, 25% used [0x00000000fbb00000,0x00000000fc998d08,0x00000000ff380000)
  to   space 66048K, 0% used [0x00000000f7280000,0x00000000f7280000,0x00000000fb300000)
 ParOldGen       total 244736K, used 124358K [0x00000000a0000000, 0x00000000aef00000, 0x00000000e0000000)
  object space 244736K, 50% used [0x00000000a0000000,0x00000000a7971a18,0x00000000aef00000)
 Metaspace       used 109763K, capacity 116582K, committed 116696K, reserved 1150976K
  class space    used 13861K, capacity 15268K, committed 15360K, reserved 1048576K
Event: 12317.102 GC heap after
Heap after GC invocations=93 (full 10):
 PSYoungGen      total 445440K, used 9775K [0x00000000e0000000, 0x0000000100000000, 0x0000000100000000)
  eden space 379392K, 0% used [0x00000000e0000000,0x00000000e0000000,0x00000000f7280000)
  from space 66048K, 14% used [0x00000000f7280000,0x00000000f7c0bff8,0x00000000fb300000)
  to   space 63488K, 0% used [0x00000000fc200000,0x00000000fc200000,0x0000000100000000)
 ParOldGen       total 244736K, used 124366K [0x00000000a0000000, 0x00000000aef00000, 0x00000000e0000000)
  object space 244736K, 50% used [0x00000000a0000000,0x00000000a7973a18,0x00000000aef00000)
 Metaspace       used 109763K, capacity 116582K, committed 116696K, reserved 1150976K
  class space    used 13861K, capacity 15268K, committed 15360K, reserved 1048576K
}
Event: 12342.524 GC heap before
{Heap before GC invocations=94 (full 10):
 PSYoungGen      total 445440K, used 389167K [0x00000000e0000000, 0x0000000100000000, 0x0000000100000000)
  eden space 379392K, 100% used [0x00000000e0000000,0x00000000f7280000,0x00000000f7280000)
  from space 66048K, 14% used [0x00000000f7280000,0x00000000f7c0bff8,0x00000000fb300000)
  to   space 63488K, 0% used [0x00000000fc200000,0x00000000fc200000,0x0000000100000000)
 ParOldGen       total 244736K, used 124366K [0x00000000a0000000, 0x00000000aef00000, 0x00000000e0000000)
  object space 244736K, 50% used [0x00000000a0000000,0x00000000a7973a18,0x00000000aef00000)
 Metaspace       used 109979K, capacity 116732K, committed 116952K, reserved 1150976K
  class space    used 13865K, capacity 15271K, committed 15360K, reserved 1048576K
Event: 12342.809 GC heap after
Heap after GC invocations=94 (full 10):
 PSYoungGen      total 455680K, used 30704K [0x00000000e0000000, 0x00000000ffd80000, 0x0000000100000000)
  eden space 394752K, 0% used [0x00000000e0000000,0x00000000e0000000,0x00000000f8180000)
  from space 60928K, 50% used [0x00000000fc200000,0x00000000fdffc060,0x00000000ffd80000)
  to   space 63488K, 0% used [0x00000000f8180000,0x00000000f8180000,0x00000000fbf80000)
 ParOldGen       total 244736K, used 124374K [0x00000000a0000000, 0x00000000aef00000, 0x00000000e0000000)
  object space 244736K, 50% used [0x00000000a0000000,0x00000000a7975a18,0x00000000aef00000)
 Metaspace       used 109979K, capacity 116732K, committed 116952K, reserved 1150976K
  class space    used 13865K, capacity 15271K, committed 15360K, reserved 1048576K
}
Event: 12365.771 GC heap before
{Heap before GC invocations=95 (full 10):
 PSYoungGen      total 455680K, used 425456K [0x00000000e0000000, 0x00000000ffd80000, 0x0000000100000000)
  eden space 394752K, 100% used [0x00000000e0000000,0x00000000f8180000,0x00000000f8180000)
  from space 60928K, 50% used [0x00000000fc200000,0x00000000fdffc060,0x00000000ffd80000)
  to   space 63488K, 0% used [0x00000000f8180000,0x00000000f8180000,0x00000000fbf80000)
 ParOldGen       total 244736K, used 124374K [0x00000000a0000000, 0x00000000aef00000, 0x00000000e0000000)
  object space 244736K, 50% used [0x00000000a0000000,0x00000000a7975a18,0x00000000aef00000)
 Metaspace       used 110572K, capacity 117372K, committed 117592K, reserved 1150976K
  class space    used 13934K, capacity 15363K, committed 15488K, reserved 1048576K
Event: 12366.248 GC heap after
Heap after GC invocations=95 (full 10):
 PSYoungGen      total 436224K, used 41338K [0x00000000e0000000, 0x0000000100000000, 0x0000000100000000)
  eden space 394752K, 0% used [0x00000000e0000000,0x00000000e0000000,0x00000000f8180000)
  from space 41472K, 99% used [0x00000000f8180000,0x00000000fa9deb60,0x00000000faa00000)
  to   space 67072K, 0% used [0x00000000fbe80000,0x00000000fbe80000,0x0000000100000000)
 ParOldGen       total 244736K, used 124382K [0x00000000a0000000, 0x00000000aef00000, 0x00000000e0000000)
  object space 244736K, 50% used [0x00000000a0000000,0x00000000a7977a18,0x00000000aef00000)
 Metaspace       used 110572K, capacity 117372K, committed 117592K, reserved 1150976K
  class space    used 13934K, capacity 15363K, committed 15488K, reserved 1048576K
}
Event: 12398.121 GC heap before
{Heap before GC invocations=96 (full 10):
 PSYoungGen      total 436224K, used 435416K [0x00000000e0000000, 0x0000000100000000, 0x0000000100000000)
  eden space 394752K, 99% used [0x00000000e0000000,0x00000000f80d7868,0x00000000f8180000)
  from space 41472K, 99% used [0x00000000f8180000,0x00000000fa9deb60,0x00000000faa00000)
  to   space 67072K, 0% used [0x00000000fbe80000,0x00000000fbe80000,0x0000000100000000)
 ParOldGen       total 244736K, used 124382K [0x00000000a0000000, 0x00000000aef00000, 0x00000000e0000000)
  object space 244736K, 50% used [0x00000000a0000000,0x00000000a7977a18,0x00000000aef00000)
 Metaspace       used 120317K, capacity 128340K, committed 128472K, reserved 1161216K
  class space    used 15228K, capacity 16849K, committed 16896K, reserved 1048576K
Event: 12398.308 GC heap after
Heap after GC invocations=96 (full 10):
 PSYoungGen      total 442880K, used 52970K [0x00000000e0000000, 0x0000000100000000, 0x0000000100000000)
  eden space 375808K, 0% used [0x00000000e0000000,0x00000000e0000000,0x00000000f6f00000)
  from space 67072K, 78% used [0x00000000fbe80000,0x00000000ff23a940,0x0000000100000000)
  to   space 74240K, 0% used [0x00000000f6f00000,0x00000000f6f00000,0x00000000fb780000)
 ParOldGen       total 244736K, used 124398K [0x00000000a0000000, 0x00000000aef00000, 0x00000000e0000000)
  object space 244736K, 50% used [0x00000000a0000000,0x00000000a797ba18,0x00000000aef00000)
 Metaspace       used 120317K, capacity 128340K, committed 128472K, reserved 1161216K
  class space    used 15228K, capacity 16849K, committed 16896K, reserved 1048576K
}
Event: 14958.654 GC heap before
{Heap before GC invocations=97 (full 10):
 PSYoungGen      total 442880K, used 428778K [0x00000000e0000000, 0x0000000100000000, 0x0000000100000000)
  eden space 375808K, 100% used [0x00000000e0000000,0x00000000f6f00000,0x00000000f6f00000)
  from space 67072K, 78% used [0x00000000fbe80000,0x00000000ff23a940,0x0000000100000000)
  to   space 74240K, 0% used [0x00000000f6f00000,0x00000000f6f00000,0x00000000fb780000)
 ParOldGen       total 244736K, used 124398K [0x00000000a0000000, 0x00000000aef00000, 0x00000000e0000000)
  object space 244736K, 50% used [0x00000000a0000000,0x00000000a797ba18,0x00000000aef00000)
 Metaspace       used 121311K, capacity 130086K, committed 130264K, reserved 1163264K
  class space    used 15430K, capacity 17126K, committed 17152K, reserved 1048576K
Event: 14958.808 GC heap after
Heap after GC invocations=97 (full 10):
 PSYoungGen      total 450048K, used 35429K [0x00000000e0000000, 0x0000000100000000, 0x0000000100000000)
  eden space 375808K, 0% used [0x00000000e0000000,0x00000000e0000000,0x00000000f6f00000)
  from space 74240K, 47% used [0x00000000f6f00000,0x00000000f9199480,0x00000000fb780000)
  to   space 73216K, 0% used [0x00000000fb880000,0x00000000fb880000,0x0000000100000000)
 ParOldGen       total 244736K, used 124398K [0x00000000a0000000, 0x00000000aef00000, 0x00000000e0000000)
  object space 244736K, 50% used [0x00000000a0000000,0x00000000a797ba18,0x00000000aef00000)
 Metaspace       used 121311K, capacity 130086K, committed 130264K, reserved 1163264K
  class space    used 15430K, capacity 17126K, committed 17152K, reserved 1048576K
}

