# JRE version: Java(TM) SE Runtime Environment (8.0_121-b13) (build 1.8.0_121-b13)
# Java VM: Java HotSpot(TM) 64-Bit Server VM (25.121-b13 mixed mode windows-amd64 compressed oops)
Heap:
 PSYoungGen      total 445440K, used 83605K [0x00000000e0000000, 0x0000000100000000, 0x0000000100000000)
  eden space 368128K, 19% used [0x00000000e0000000,0x00000000e45135e0,0x00000000f6780000)
  from space 77312K, 16% used [0x00000000f6780000,0x00000000f74121f8,0x00000000fb300000)
  to   space 77312K, 0% used [0x00000000fb480000,0x00000000fb480000,0x0000000100000000)
 ParOldGen       total 433664K, used 335854K [0x00000000a0000000, 0x00000000ba780000, 0x00000000e0000000)
  object space 433664K, 77% used [0x00000000a0000000,0x00000000b47fb848,0x00000000ba780000)
 Metaspace       used 90759K, capacity 94506K, committed 94848K, reserved 1132544K
  class space    used 11828K, capacity 12548K, committed 12672K, reserved 1048576K
GC Heap History (10 events):
Event: 3703.209 GC heap before
{Heap before GC invocations=35 (full 6):
 PSYoungGen      total 385536K, used 345943K [0x00000000e0000000, 0x00000000fd080000, 0x0000000100000000)
  eden space 306688K, 100% used [0x00000000e0000000,0x00000000f2b80000,0x00000000f2b80000)
  from space 78848K, 49% used [0x00000000f8380000,0x00000000fa9d5c58,0x00000000fd080000)
  to   space 84480K, 0% used [0x00000000f2b80000,0x00000000f2b80000,0x00000000f7e00000)
 ParOldGen       total 433664K, used 300256K [0x00000000a0000000, 0x00000000ba780000, 0x00000000e0000000)
  object space 433664K, 69% used [0x00000000a0000000,0x00000000b25381d0,0x00000000ba780000)
 Metaspace       used 90584K, capacity 94310K, committed 94592K, reserved 1130496K
  class space    used 11814K, capacity 12536K, committed 12672K, reserved 1048576K
Event: 3703.344 GC heap after
Heap after GC invocations=35 (full 6):
 PSYoungGen      total 391168K, used 40987K [0x00000000e0000000, 0x00000000ff280000, 0x0000000100000000)
  eden space 306688K, 0% used [0x00000000e0000000,0x00000000e0000000,0x00000000f2b80000)
  from space 84480K, 48% used [0x00000000f2b80000,0x00000000f5386dd8,0x00000000f7e00000)
  to   space 80896K, 0% used [0x00000000fa380000,0x00000000fa380000,0x00000000ff280000)
 ParOldGen       total 433664K, used 300264K [0x00000000a0000000, 0x00000000ba780000, 0x00000000e0000000)
  object space 433664K, 69% used [0x00000000a0000000,0x00000000b253a1d0,0x00000000ba780000)
 Metaspace       used 90584K, capacity 94310K, committed 94592K, reserved 1130496K
  class space    used 11814K, capacity 12536K, committed 12672K, reserved 1048576K
}
Event: 3705.210 GC heap before
{Heap before GC invocations=36 (full 6):
 PSYoungGen      total 391168K, used 347675K [0x00000000e0000000, 0x00000000ff280000, 0x0000000100000000)
  eden space 306688K, 100% used [0x00000000e0000000,0x00000000f2b80000,0x00000000f2b80000)
  from space 84480K, 48% used [0x00000000f2b80000,0x00000000f5386dd8,0x00000000f7e00000)
  to   space 80896K, 0% used [0x00000000fa380000,0x00000000fa380000,0x00000000ff280000)
 ParOldGen       total 433664K, used 300264K [0x00000000a0000000, 0x00000000ba780000, 0x00000000e0000000)
  object space 433664K, 69% used [0x00000000a0000000,0x00000000b253a1d0,0x00000000ba780000)
 Metaspace       used 90676K, capacity 94456K, committed 94592K, reserved 1130496K
  class space    used 11823K, capacity 12539K, committed 12672K, reserved 1048576K
Event: 3705.305 GC heap after
Heap after GC invocations=36 (full 6):
 PSYoungGen      total 426496K, used 42936K [0x00000000e0000000, 0x00000000fee80000, 0x0000000100000000)
  eden space 349696K, 0% used [0x00000000e0000000,0x00000000e0000000,0x00000000f5580000)
  from space 76800K, 55% used [0x00000000fa380000,0x00000000fcd6e3c8,0x00000000fee80000)
  to   space 78336K, 0% used [0x00000000f5580000,0x00000000f5580000,0x00000000fa200000)
 ParOldGen       total 433664K, used 300272K [0x00000000a0000000, 0x00000000ba780000, 0x00000000e0000000)
  object space 433664K, 69% used [0x00000000a0000000,0x00000000b253c1d0,0x00000000ba780000)
 Metaspace       used 90676K, capacity 94456K, committed 94592K, reserved 1130496K
  class space    used 11823K, capacity 12539K, committed 12672K, reserved 1048576K
}
Event: 3707.299 GC heap before
{Heap before GC invocations=37 (full 6):
 PSYoungGen      total 426496K, used 392632K [0x00000000e0000000, 0x00000000fee80000, 0x0000000100000000)
  eden space 349696K, 100% used [0x00000000e0000000,0x00000000f5580000,0x00000000f5580000)
  from space 76800K, 55% used [0x00000000fa380000,0x00000000fcd6e3c8,0x00000000fee80000)
  to   space 78336K, 0% used [0x00000000f5580000,0x00000000f5580000,0x00000000fa200000)
 ParOldGen       total 433664K, used 300272K [0x00000000a0000000, 0x00000000ba780000, 0x00000000e0000000)
  object space 433664K, 69% used [0x00000000a0000000,0x00000000b253c1d0,0x00000000ba780000)
 Metaspace       used 90710K, capacity 94464K, committed 94848K, reserved 1132544K
  class space    used 11823K, capacity 12539K, committed 12672K, reserved 1048576K
Event: 3707.425 GC heap after
Heap after GC invocations=37 (full 6):
 PSYoungGen      total 428032K, used 44907K [0x00000000e0000000, 0x00000000ffd80000, 0x0000000100000000)
  eden space 349696K, 0% used [0x00000000e0000000,0x00000000e0000000,0x00000000f5580000)
  from space 78336K, 57% used [0x00000000f5580000,0x00000000f815adb8,0x00000000fa200000)
  to   space 76288K, 0% used [0x00000000fb300000,0x00000000fb300000,0x00000000ffd80000)
 ParOldGen       total 433664K, used 300272K [0x00000000a0000000, 0x00000000ba780000, 0x00000000e0000000)
  object space 433664K, 69% used [0x00000000a0000000,0x00000000b253c1d0,0x00000000ba780000)
 Metaspace       used 90710K, capacity 94464K, committed 94848K, reserved 1132544K
  class space    used 11823K, capacity 12539K, committed 12672K, reserved 1048576K
}
Event: 3709.342 GC heap before
{Heap before GC invocations=38 (full 6):
 PSYoungGen      total 428032K, used 394603K [0x00000000e0000000, 0x00000000ffd80000, 0x0000000100000000)
  eden space 349696K, 100% used [0x00000000e0000000,0x00000000f5580000,0x00000000f5580000)
  from space 78336K, 57% used [0x00000000f5580000,0x00000000f815adb8,0x00000000fa200000)
  to   space 76288K, 0% used [0x00000000fb300000,0x00000000fb300000,0x00000000ffd80000)
 ParOldGen       total 433664K, used 300272K [0x00000000a0000000, 0x00000000ba780000, 0x00000000e0000000)
  object space 433664K, 69% used [0x00000000a0000000,0x00000000b253c1d0,0x00000000ba780000)
 Metaspace       used 90731K, capacity 94464K, committed 94848K, reserved 1132544K
  class space    used 11823K, capacity 12539K, committed 12672K, reserved 1048576K
Event: 3709.472 GC heap after
Heap after GC invocations=38 (full 6):
 PSYoungGen      total 444416K, used 13362K [0x00000000e0000000, 0x0000000100000000, 0x0000000100000000)
  eden space 368128K, 0% used [0x00000000e0000000,0x00000000e0000000,0x00000000f6780000)
  from space 76288K, 17% used [0x00000000fb300000,0x00000000fc00ca60,0x00000000ffd80000)
  to   space 77312K, 0% used [0x00000000f6780000,0x00000000f6780000,0x00000000fb300000)
 ParOldGen       total 433664K, used 333869K [0x00000000a0000000, 0x00000000ba780000, 0x00000000e0000000)
  object space 433664K, 76% used [0x00000000a0000000,0x00000000b460b728,0x00000000ba780000)
 Metaspace       used 90731K, capacity 94464K, committed 94848K, reserved 1132544K
  class space    used 11823K, capacity 12539K, committed 12672K, reserved 1048576K
}
Event: 3711.493 GC heap before
{Heap before GC invocations=39 (full 6):
 PSYoungGen      total 444416K, used 381490K [0x00000000e0000000, 0x0000000100000000, 0x0000000100000000)
  eden space 368128K, 100% used [0x00000000e0000000,0x00000000f6780000,0x00000000f6780000)
  from space 76288K, 17% used [0x00000000fb300000,0x00000000fc00ca60,0x00000000ffd80000)
  to   space 77312K, 0% used [0x00000000f6780000,0x00000000f6780000,0x00000000fb300000)
 ParOldGen       total 433664K, used 333869K [0x00000000a0000000, 0x00000000ba780000, 0x00000000e0000000)
  object space 433664K, 76% used [0x00000000a0000000,0x00000000b460b728,0x00000000ba780000)
 Metaspace       used 90754K, capacity 94498K, committed 94848K, reserved 1132544K
  class space    used 11827K, capacity 12546K, committed 12672K, reserved 1048576K
Event: 3711.550 GC heap after
Heap after GC invocations=39 (full 6):
 PSYoungGen      total 445440K, used 12872K [0x00000000e0000000, 0x0000000100000000, 0x0000000100000000)
  eden space 368128K, 0% used [0x00000000e0000000,0x00000000e0000000,0x00000000f6780000)
  from space 77312K, 16% used [0x00000000f6780000,0x00000000f74121f8,0x00000000fb300000)
  to   space 77312K, 0% used [0x00000000fb480000,0x00000000fb480000,0x0000000100000000)
 ParOldGen       total 433664K, used 335854K [0x00000000a0000000, 0x00000000ba780000, 0x00000000e0000000)
  object space 433664K, 77% used [0x00000000a0000000,0x00000000b47fb848,0x00000000ba780000)
 Metaspace       used 90754K, capacity 94498K, committed 94848K, reserved 1132544K
  class space    used 11827K, capacity 12546K, committed 12672K, reserved 1048576K
}

