# JRE version: OpenJDK Runtime Environment (8.0_152-b02) (build 1.8.0_152-release-1024-b02)
# Java VM: OpenJDK 64-Bit Server VM (25.152-b02 mixed mode windows-amd64 compressed oops)
Heap:
 PSYoungGen      total 29184K, used 11834K [0x00000000e0000000, 0x00000000e2980000, 0x0000000100000000)
  eden space 27648K, 38% used [0x00000000e0000000,0x00000000e0a73f68,0x00000000e1b00000)
  from space 1536K, 73% used [0x00000000e2800000,0x00000000e291ac80,0x00000000e2980000)
  to   space 6144K, 0% used [0x00000000e1d80000,0x00000000e1d80000,0x00000000e2380000)
 ParOldGen       total 36352K, used 27668K [0x00000000a0000000, 0x00000000a2380000, 0x00000000e0000000)
  object space 36352K, 76% used [0x00000000a0000000,0x00000000a1b053f8,0x00000000a2380000)
 Metaspace       used 44438K, capacity 45672K, committed 45784K, reserved 1089536K
  class space    used 6109K, capacity 6528K, committed 6616K, reserved 1048576K
GC Heap History (10 events):
Event: 135.573 GC heap before
{Heap before GC invocations=30 (full 2):
 PSYoungGen      total 25088K, used 23077K [0x00000000e0000000, 0x00000000e2300000, 0x0000000100000000)
  eden space 18432K, 100% used [0x00000000e0000000,0x00000000e1200000,0x00000000e1200000)
  from space 6656K, 69% used [0x00000000e1200000,0x00000000e16897e8,0x00000000e1880000)
  to   space 6656K, 0% used [0x00000000e1c80000,0x00000000e1c80000,0x00000000e2300000)
 ParOldGen       total 36352K, used 19840K [0x00000000a0000000, 0x00000000a2380000, 0x00000000e0000000)
  object space 36352K, 54% used [0x00000000a0000000,0x00000000a1360138,0x00000000a2380000)
 Metaspace       used 41331K, capacity 42458K, committed 42712K, reserved 1085440K
  class space    used 5647K, capacity 6059K, committed 6104K, reserved 1048576K
Event: 135.627 GC heap after
Heap after GC invocations=30 (full 2):
 PSYoungGen      total 29184K, used 2410K [0x00000000e0000000, 0x00000000e2380000, 0x0000000100000000)
  eden space 22528K, 0% used [0x00000000e0000000,0x00000000e0000000,0x00000000e1600000)
  from space 6656K, 36% used [0x00000000e1c80000,0x00000000e1eda998,0x00000000e2300000)
  to   space 6656K, 0% used [0x00000000e1600000,0x00000000e1600000,0x00000000e1c80000)
 ParOldGen       total 36352K, used 23259K [0x00000000a0000000, 0x00000000a2380000, 0x00000000e0000000)
  object space 36352K, 63% used [0x00000000a0000000,0x00000000a16b6c70,0x00000000a2380000)
 Metaspace       used 41331K, capacity 42458K, committed 42712K, reserved 1085440K
  class space    used 5647K, capacity 6059K, committed 6104K, reserved 1048576K
}
Event: 137.351 GC heap before
{Heap before GC invocations=31 (full 2):
 PSYoungGen      total 29184K, used 24938K [0x00000000e0000000, 0x00000000e2380000, 0x0000000100000000)
  eden space 22528K, 100% used [0x00000000e0000000,0x00000000e1600000,0x00000000e1600000)
  from space 6656K, 36% used [0x00000000e1c80000,0x00000000e1eda998,0x00000000e2300000)
  to   space 6656K, 0% used [0x00000000e1600000,0x00000000e1600000,0x00000000e1c80000)
 ParOldGen       total 36352K, used 23259K [0x00000000a0000000, 0x00000000a2380000, 0x00000000e0000000)
  object space 36352K, 63% used [0x00000000a0000000,0x00000000a16b6c70,0x00000000a2380000)
 Metaspace       used 41544K, capacity 42676K, committed 42968K, reserved 1085440K
  class space    used 5678K, capacity 6068K, committed 6104K, reserved 1048576K
Event: 137.360 GC heap after
Heap after GC invocations=31 (full 2):
 PSYoungGen      total 29184K, used 1696K [0x00000000e0000000, 0x00000000e2880000, 0x0000000100000000)
  eden space 22528K, 0% used [0x00000000e0000000,0x00000000e0000000,0x00000000e1600000)
  from space 6656K, 25% used [0x00000000e1600000,0x00000000e17a8000,0x00000000e1c80000)
  to   space 6656K, 0% used [0x00000000e2200000,0x00000000e2200000,0x00000000e2880000)
 ParOldGen       total 36352K, used 25132K [0x00000000a0000000, 0x00000000a2380000, 0x00000000e0000000)
  object space 36352K, 69% used [0x00000000a0000000,0x00000000a188b3b8,0x00000000a2380000)
 Metaspace       used 41544K, capacity 42676K, committed 42968K, reserved 1085440K
  class space    used 5678K, capacity 6068K, committed 6104K, reserved 1048576K
}
Event: 155.299 GC heap before
{Heap before GC invocations=32 (full 2):
 PSYoungGen      total 29184K, used 24224K [0x00000000e0000000, 0x00000000e2880000, 0x0000000100000000)
  eden space 22528K, 100% used [0x00000000e0000000,0x00000000e1600000,0x00000000e1600000)
  from space 6656K, 25% used [0x00000000e1600000,0x00000000e17a8000,0x00000000e1c80000)
  to   space 6656K, 0% used [0x00000000e2200000,0x00000000e2200000,0x00000000e2880000)
 ParOldGen       total 36352K, used 25132K [0x00000000a0000000, 0x00000000a2380000, 0x00000000e0000000)
  object space 36352K, 69% used [0x00000000a0000000,0x00000000a188b3b8,0x00000000a2380000)
 Metaspace       used 42895K, capacity 44028K, committed 44248K, reserved 1087488K
  class space    used 5864K, capacity 6256K, committed 6360K, reserved 1048576K
Event: 155.313 GC heap after
Heap after GC invocations=32 (full 2):
 PSYoungGen      total 33792K, used 2015K [0x00000000e0000000, 0x00000000e2780000, 0x0000000100000000)
  eden space 28160K, 0% used [0x00000000e0000000,0x00000000e0000000,0x00000000e1b80000)
  from space 5632K, 35% used [0x00000000e2200000,0x00000000e23f7c50,0x00000000e2780000)
  to   space 6144K, 0% used [0x00000000e1b80000,0x00000000e1b80000,0x00000000e2180000)
 ParOldGen       total 36352K, used 26704K [0x00000000a0000000, 0x00000000a2380000, 0x00000000e0000000)
  object space 36352K, 73% used [0x00000000a0000000,0x00000000a1a143c8,0x00000000a2380000)
 Metaspace       used 42895K, capacity 44028K, committed 44248K, reserved 1087488K
  class space    used 5864K, capacity 6256K, committed 6360K, reserved 1048576K
}
Event: 164.930 GC heap before
{Heap before GC invocations=33 (full 2):
 PSYoungGen      total 33792K, used 30175K [0x00000000e0000000, 0x00000000e2780000, 0x0000000100000000)
  eden space 28160K, 100% used [0x00000000e0000000,0x00000000e1b80000,0x00000000e1b80000)
  from space 5632K, 35% used [0x00000000e2200000,0x00000000e23f7c50,0x00000000e2780000)
  to   space 6144K, 0% used [0x00000000e1b80000,0x00000000e1b80000,0x00000000e2180000)
 ParOldGen       total 36352K, used 26704K [0x00000000a0000000, 0x00000000a2380000, 0x00000000e0000000)
  object space 36352K, 73% used [0x00000000a0000000,0x00000000a1a143c8,0x00000000a2380000)
 Metaspace       used 42956K, capacity 44052K, committed 44248K, reserved 1087488K
  class space    used 5866K, capacity 6258K, committed 6360K, reserved 1048576K
Event: 164.934 GC heap after
Heap after GC invocations=33 (full 2):
 PSYoungGen      total 34304K, used 192K [0x00000000e0000000, 0x00000000e2e80000, 0x0000000100000000)
  eden space 28160K, 0% used [0x00000000e0000000,0x00000000e0000000,0x00000000e1b80000)
  from space 6144K, 3% used [0x00000000e1b80000,0x00000000e1bb0000,0x00000000e2180000)
  to   space 6656K, 0% used [0x00000000e2800000,0x00000000e2800000,0x00000000e2e80000)
 ParOldGen       total 36352K, used 27636K [0x00000000a0000000, 0x00000000a2380000, 0x00000000e0000000)
  object space 36352K, 76% used [0x00000000a0000000,0x00000000a1afd3f8,0x00000000a2380000)
 Metaspace       used 42956K, capacity 44052K, committed 44248K, reserved 1087488K
  class space    used 5866K, capacity 6258K, committed 6360K, reserved 1048576K
}
Event: 167.139 GC heap before
{Heap before GC invocations=34 (full 2):
 PSYoungGen      total 34304K, used 28352K [0x00000000e0000000, 0x00000000e2e80000, 0x0000000100000000)
  eden space 28160K, 100% used [0x00000000e0000000,0x00000000e1b80000,0x00000000e1b80000)
  from space 6144K, 3% used [0x00000000e1b80000,0x00000000e1bb0000,0x00000000e2180000)
  to   space 6656K, 0% used [0x00000000e2800000,0x00000000e2800000,0x00000000e2e80000)
 ParOldGen       total 36352K, used 27636K [0x00000000a0000000, 0x00000000a2380000, 0x00000000e0000000)
  object space 36352K, 76% used [0x00000000a0000000,0x00000000a1afd3f8,0x00000000a2380000)
 Metaspace       used 43969K, capacity 45114K, committed 45400K, reserved 1087488K
  class space    used 6023K, capacity 6419K, committed 6488K, reserved 1048576K
Event: 167.143 GC heap after
Heap after GC invocations=34 (full 2):
 PSYoungGen      total 29184K, used 1131K [0x00000000e0000000, 0x00000000e2980000, 0x0000000100000000)
  eden space 27648K, 0% used [0x00000000e0000000,0x00000000e0000000,0x00000000e1b00000)
  from space 1536K, 73% used [0x00000000e2800000,0x00000000e291ac80,0x00000000e2980000)
  to   space 6144K, 0% used [0x00000000e1d80000,0x00000000e1d80000,0x00000000e2380000)
 ParOldGen       total 36352K, used 27668K [0x00000000a0000000, 0x00000000a2380000, 0x00000000e0000000)
  object space 36352K, 76% used [0x00000000a0000000,0x00000000a1b053f8,0x00000000a2380000)
 Metaspace       used 43969K, capacity 45114K, committed 45400K, reserved 1087488K
  class space    used 6023K, capacity 6419K, committed 6488K, reserved 1048576K
}

