# JRE version: OpenJDK Runtime Environment (8.0_152-b02) (build 1.8.0_152-release-1024-b02)
# Java VM: OpenJDK 64-Bit Server VM (25.152-b02 mixed mode windows-amd64 compressed oops)
Heap:
 PSYoungGen      total 321024K, used 15333K [0x00000000e0000000, 0x00000000f4880000, 0x0000000100000000)
  eden space 305664K, 0% used [0x00000000e0000000,0x00000000e0000000,0x00000000f2a80000)
  from space 15360K, 99% used [0x00000000f2a80000,0x00000000f39797b0,0x00000000f3980000)
  to   space 11776K, 0% used [0x00000000f3d00000,0x00000000f3d00000,0x00000000f4880000)
 ParOldGen       total 201728K, used 199459K [0x00000000a0000000, 0x00000000ac500000, 0x00000000e0000000)
  object space 201728K, 98% used [0x00000000a0000000,0x00000000ac2c8cf0,0x00000000ac500000)
 Metaspace       used 82896K, capacity 86022K, committed 86104K, reserved 1124352K
  class space    used 10583K, capacity 11313K, committed 11352K, reserved 1048576K
GC Heap History (10 events):
Event: 969.249 GC heap after
Heap after GC invocations=87 (full 8):
 PSYoungGen      total 271872K, used 5376K [0x00000000e0000000, 0x00000000f3600000, 0x0000000100000000)
  eden space 253440K, 0% used [0x00000000e0000000,0x00000000e0000000,0x00000000ef780000)
  from space 18432K, 29% used [0x00000000ef780000,0x00000000efcc0000,0x00000000f0980000)
  to   space 17408K, 0% used [0x00000000f2500000,0x00000000f2500000,0x00000000f3600000)
 ParOldGen       total 201728K, used 154143K [0x00000000a0000000, 0x00000000ac500000, 0x00000000e0000000)
  object space 201728K, 76% used [0x00000000a0000000,0x00000000a9687d90,0x00000000ac500000)
 Metaspace       used 79724K, capacity 82588K, committed 82648K, reserved 1120256K
  class space    used 10267K, capacity 10962K, committed 10968K, reserved 1048576K
}
Event: 970.652 GC heap before
{Heap before GC invocations=88 (full 8):
 PSYoungGen      total 271872K, used 258816K [0x00000000e0000000, 0x00000000f3600000, 0x0000000100000000)
  eden space 253440K, 100% used [0x00000000e0000000,0x00000000ef780000,0x00000000ef780000)
  from space 18432K, 29% used [0x00000000ef780000,0x00000000efcc0000,0x00000000f0980000)
  to   space 17408K, 0% used [0x00000000f2500000,0x00000000f2500000,0x00000000f3600000)
 ParOldGen       total 201728K, used 154143K [0x00000000a0000000, 0x00000000ac500000, 0x00000000e0000000)
  object space 201728K, 76% used [0x00000000a0000000,0x00000000a9687d90,0x00000000ac500000)
 Metaspace       used 79726K, capacity 82588K, committed 82648K, reserved 1120256K
  class space    used 10267K, capacity 10962K, committed 10968K, reserved 1048576K
Event: 970.668 GC heap after
Heap after GC invocations=88 (full 8):
 PSYoungGen      total 295936K, used 4512K [0x00000000e0000000, 0x00000000f3300000, 0x0000000100000000)
  eden space 281600K, 0% used [0x00000000e0000000,0x00000000e0000000,0x00000000f1300000)
  from space 14336K, 31% used [0x00000000f2500000,0x00000000f2968000,0x00000000f3300000)
  to   space 16384K, 0% used [0x00000000f1300000,0x00000000f1300000,0x00000000f2300000)
 ParOldGen       total 201728K, used 159479K [0x00000000a0000000, 0x00000000ac500000, 0x00000000e0000000)
  object space 201728K, 79% used [0x00000000a0000000,0x00000000a9bbdd90,0x00000000ac500000)
 Metaspace       used 79726K, capacity 82588K, committed 82648K, reserved 1120256K
  class space    used 10267K, capacity 10962K, committed 10968K, reserved 1048576K
}
Event: 991.292 GC heap before
{Heap before GC invocations=89 (full 8):
 PSYoungGen      total 295936K, used 286112K [0x00000000e0000000, 0x00000000f3300000, 0x0000000100000000)
  eden space 281600K, 100% used [0x00000000e0000000,0x00000000f1300000,0x00000000f1300000)
  from space 14336K, 31% used [0x00000000f2500000,0x00000000f2968000,0x00000000f3300000)
  to   space 16384K, 0% used [0x00000000f1300000,0x00000000f1300000,0x00000000f2300000)
 ParOldGen       total 201728K, used 159479K [0x00000000a0000000, 0x00000000ac500000, 0x00000000e0000000)
  object space 201728K, 79% used [0x00000000a0000000,0x00000000a9bbdd90,0x00000000ac500000)
 Metaspace       used 79966K, capacity 82882K, committed 83032K, reserved 1122304K
  class space    used 10280K, capacity 10995K, committed 11096K, reserved 1048576K
Event: 991.322 GC heap after
Heap after GC invocations=89 (full 8):
 PSYoungGen      total 297984K, used 5012K [0x00000000e0000000, 0x00000000f4c00000, 0x0000000100000000)
  eden space 281600K, 0% used [0x00000000e0000000,0x00000000e0000000,0x00000000f1300000)
  from space 16384K, 30% used [0x00000000f1300000,0x00000000f17e5108,0x00000000f2300000)
  to   space 15360K, 0% used [0x00000000f3d00000,0x00000000f3d00000,0x00000000f4c00000)
 ParOldGen       total 201728K, used 163975K [0x00000000a0000000, 0x00000000ac500000, 0x00000000e0000000)
  object space 201728K, 81% used [0x00000000a0000000,0x00000000aa021d90,0x00000000ac500000)
 Metaspace       used 79966K, capacity 82882K, committed 83032K, reserved 1122304K
  class space    used 10280K, capacity 10995K, committed 11096K, reserved 1048576K
}
Event: 1013.289 GC heap before
{Heap before GC invocations=90 (full 8):
 PSYoungGen      total 297984K, used 286612K [0x00000000e0000000, 0x00000000f4c00000, 0x0000000100000000)
  eden space 281600K, 100% used [0x00000000e0000000,0x00000000f1300000,0x00000000f1300000)
  from space 16384K, 30% used [0x00000000f1300000,0x00000000f17e5108,0x00000000f2300000)
  to   space 15360K, 0% used [0x00000000f3d00000,0x00000000f3d00000,0x00000000f4c00000)
 ParOldGen       total 201728K, used 163975K [0x00000000a0000000, 0x00000000ac500000, 0x00000000e0000000)
  object space 201728K, 81% used [0x00000000a0000000,0x00000000aa021d90,0x00000000ac500000)
 Metaspace       used 80236K, capacity 83202K, committed 83544K, reserved 1122304K
  class space    used 10282K, capacity 10995K, committed 11096K, reserved 1048576K
Event: 1013.304 GC heap after
Heap after GC invocations=90 (full 8):
 PSYoungGen      total 317440K, used 1984K [0x00000000e0000000, 0x00000000f4880000, 0x0000000100000000)
  eden space 305664K, 0% used [0x00000000e0000000,0x00000000e0000000,0x00000000f2a80000)
  from space 11776K, 16% used [0x00000000f3d00000,0x00000000f3ef0060,0x00000000f4880000)
  to   space 15360K, 0% used [0x00000000f2a80000,0x00000000f2a80000,0x00000000f3980000)
 ParOldGen       total 201728K, used 168643K [0x00000000a0000000, 0x00000000ac500000, 0x00000000e0000000)
  object space 201728K, 83% used [0x00000000a0000000,0x00000000aa4b0e00,0x00000000ac500000)
 Metaspace       used 80236K, capacity 83202K, committed 83544K, reserved 1122304K
  class space    used 10282K, capacity 10995K, committed 11096K, reserved 1048576K
}
Event: 1020.686 GC heap before
{Heap before GC invocations=91 (full 8):
 PSYoungGen      total 317440K, used 307648K [0x00000000e0000000, 0x00000000f4880000, 0x0000000100000000)
  eden space 305664K, 100% used [0x00000000e0000000,0x00000000f2a80000,0x00000000f2a80000)
  from space 11776K, 16% used [0x00000000f3d00000,0x00000000f3ef0060,0x00000000f4880000)
  to   space 15360K, 0% used [0x00000000f2a80000,0x00000000f2a80000,0x00000000f3980000)
 ParOldGen       total 201728K, used 168643K [0x00000000a0000000, 0x00000000ac500000, 0x00000000e0000000)
  object space 201728K, 83% used [0x00000000a0000000,0x00000000aa4b0e00,0x00000000ac500000)
 Metaspace       used 82896K, capacity 86022K, committed 86104K, reserved 1124352K
  class space    used 10583K, capacity 11313K, committed 11352K, reserved 1048576K
Event: 1020.763 GC heap after
Heap after GC invocations=91 (full 8):
 PSYoungGen      total 321024K, used 15333K [0x00000000e0000000, 0x00000000f4880000, 0x0000000100000000)
  eden space 305664K, 0% used [0x00000000e0000000,0x00000000e0000000,0x00000000f2a80000)
  from space 15360K, 99% used [0x00000000f2a80000,0x00000000f39797b0,0x00000000f3980000)
  to   space 11776K, 0% used [0x00000000f3d00000,0x00000000f3d00000,0x00000000f4880000)
 ParOldGen       total 201728K, used 199459K [0x00000000a0000000, 0x00000000ac500000, 0x00000000e0000000)
  object space 201728K, 98% used [0x00000000a0000000,0x00000000ac2c8cf0,0x00000000ac500000)
 Metaspace       used 82896K, capacity 86022K, committed 86104K, reserved 1124352K
  class space    used 10583K, capacity 11313K, committed 11352K, reserved 1048576K
}
Event: 1020.763 GC heap before
{Heap before GC invocations=92 (full 9):
 PSYoungGen      total 321024K, used 15333K [0x00000000e0000000, 0x00000000f4880000, 0x0000000100000000)
  eden space 305664K, 0% used [0x00000000e0000000,0x00000000e0000000,0x00000000f2a80000)
  from space 15360K, 99% used [0x00000000f2a80000,0x00000000f39797b0,0x00000000f3980000)
  to   space 11776K, 0% used [0x00000000f3d00000,0x00000000f3d00000,0x00000000f4880000)
 ParOldGen       total 201728K, used 199459K [0x00000000a0000000, 0x00000000ac500000, 0x00000000e0000000)
  object space 201728K, 98% used [0x00000000a0000000,0x00000000ac2c8cf0,0x00000000ac500000)
 Metaspace       used 82896K, capacity 86022K, committed 86104K, reserved 1124352K
  class space    used 10583K, capacity 11313K, committed 11352K, reserved 1048576K

