# JRE version: Java(TM) SE Runtime Environment (8.0_121-b13) (build 1.8.0_121-b13)
# Java VM: Java HotSpot(TM) 64-Bit Server VM (25.121-b13 mixed mode windows-amd64 compressed oops)
Heap:
 PSYoungGen      total 366592K, used 42276K [0x00000000e0000000, 0x00000000fdb80000, 0x0000000100000000)
  eden space 250368K, 13% used [0x00000000e0000000,0x00000000e21b9378,0x00000000ef480000)
  from space 116224K, 6% used [0x00000000ef480000,0x00000000efc10020,0x00000000f6600000)
  to   space 110080K, 0% used [0x00000000f7000000,0x00000000f7000000,0x00000000fdb80000)
 ParOldGen       total 438784K, used 311830K [0x00000000a0000000, 0x00000000bac80000, 0x00000000e0000000)
  object space 438784K, 71% used [0x00000000a0000000,0x00000000b3085948,0x00000000bac80000)
 Metaspace       used 107783K, capacity 112900K, committed 114008K, reserved 1148928K
  class space    used 13713K, capacity 14686K, committed 14976K, reserved 1048576K
GC Heap History (10 events):
Event: 9438.881 GC heap before
{Heap before GC invocations=84 (full 9):
 PSYoungGen      total 365056K, used 250368K [0x00000000e0000000, 0x00000000fd780000, 0x0000000100000000)
  eden space 250368K, 100% used [0x00000000e0000000,0x00000000ef480000,0x00000000ef480000)
  from space 114688K, 0% used [0x00000000f6780000,0x00000000f6780000,0x00000000fd780000)
  to   space 116224K, 0% used [0x00000000ef480000,0x00000000ef480000,0x00000000f6600000)
 ParOldGen       total 438784K, used 311814K [0x00000000a0000000, 0x00000000bac80000, 0x00000000e0000000)
  object space 438784K, 71% used [0x00000000a0000000,0x00000000b3081948,0x00000000bac80000)
 Metaspace       used 107711K, capacity 112794K, committed 114008K, reserved 1148928K
  class space    used 13708K, capacity 14679K, committed 14976K, reserved 1048576K
Event: 9438.899 GC heap after
Heap after GC invocations=84 (full 9):
 PSYoungGen      total 366592K, used 1680K [0x00000000e0000000, 0x00000000fd780000, 0x0000000100000000)
  eden space 250368K, 0% used [0x00000000e0000000,0x00000000e0000000,0x00000000ef480000)
  from space 116224K, 1% used [0x00000000ef480000,0x00000000ef624020,0x00000000f6600000)
  to   space 114688K, 0% used [0x00000000f6780000,0x00000000f6780000,0x00000000fd780000)
 ParOldGen       total 438784K, used 311814K [0x00000000a0000000, 0x00000000bac80000, 0x00000000e0000000)
  object space 438784K, 71% used [0x00000000a0000000,0x00000000b3081948,0x00000000bac80000)
 Metaspace       used 107711K, capacity 112794K, committed 114008K, reserved 1148928K
  class space    used 13708K, capacity 14679K, committed 14976K, reserved 1048576K
}
Event: 9441.079 GC heap before
{Heap before GC invocations=85 (full 9):
 PSYoungGen      total 366592K, used 252048K [0x00000000e0000000, 0x00000000fd780000, 0x0000000100000000)
  eden space 250368K, 100% used [0x00000000e0000000,0x00000000ef480000,0x00000000ef480000)
  from space 116224K, 1% used [0x00000000ef480000,0x00000000ef624020,0x00000000f6600000)
  to   space 114688K, 0% used [0x00000000f6780000,0x00000000f6780000,0x00000000fd780000)
 ParOldGen       total 438784K, used 311814K [0x00000000a0000000, 0x00000000bac80000, 0x00000000e0000000)
  object space 438784K, 71% used [0x00000000a0000000,0x00000000b3081948,0x00000000bac80000)
 Metaspace       used 107730K, capacity 112802K, committed 114008K, reserved 1148928K
  class space    used 13708K, capacity 14679K, committed 14976K, reserved 1048576K
Event: 9441.095 GC heap after
Heap after GC invocations=85 (full 9):
 PSYoungGen      total 365056K, used 2992K [0x00000000e0000000, 0x00000000fd780000, 0x0000000100000000)
  eden space 250368K, 0% used [0x00000000e0000000,0x00000000e0000000,0x00000000ef480000)
  from space 114688K, 2% used [0x00000000f6780000,0x00000000f6a6c020,0x00000000fd780000)
  to   space 116224K, 0% used [0x00000000ef480000,0x00000000ef480000,0x00000000f6600000)
 ParOldGen       total 438784K, used 311822K [0x00000000a0000000, 0x00000000bac80000, 0x00000000e0000000)
  object space 438784K, 71% used [0x00000000a0000000,0x00000000b3083948,0x00000000bac80000)
 Metaspace       used 107730K, capacity 112802K, committed 114008K, reserved 1148928K
  class space    used 13708K, capacity 14679K, committed 14976K, reserved 1048576K
}
Event: 9442.234 GC heap before
{Heap before GC invocations=86 (full 9):
 PSYoungGen      total 365056K, used 253360K [0x00000000e0000000, 0x00000000fd780000, 0x0000000100000000)
  eden space 250368K, 100% used [0x00000000e0000000,0x00000000ef480000,0x00000000ef480000)
  from space 114688K, 2% used [0x00000000f6780000,0x00000000f6a6c020,0x00000000fd780000)
  to   space 116224K, 0% used [0x00000000ef480000,0x00000000ef480000,0x00000000f6600000)
 ParOldGen       total 438784K, used 311822K [0x00000000a0000000, 0x00000000bac80000, 0x00000000e0000000)
  object space 438784K, 71% used [0x00000000a0000000,0x00000000b3083948,0x00000000bac80000)
 Metaspace       used 107748K, capacity 112802K, committed 114008K, reserved 1148928K
  class space    used 13708K, capacity 14679K, committed 14976K, reserved 1048576K
Event: 9442.261 GC heap after
Heap after GC invocations=86 (full 9):
 PSYoungGen      total 366592K, used 4656K [0x00000000e0000000, 0x00000000fd780000, 0x0000000100000000)
  eden space 250368K, 0% used [0x00000000e0000000,0x00000000e0000000,0x00000000ef480000)
  from space 116224K, 4% used [0x00000000ef480000,0x00000000ef90c030,0x00000000f6600000)
  to   space 114688K, 0% used [0x00000000f6780000,0x00000000f6780000,0x00000000fd780000)
 ParOldGen       total 438784K, used 311822K [0x00000000a0000000, 0x00000000bac80000, 0x00000000e0000000)
  object space 438784K, 71% used [0x00000000a0000000,0x00000000b3083948,0x00000000bac80000)
 Metaspace       used 107748K, capacity 112802K, committed 114008K, reserved 1148928K
  class space    used 13708K, capacity 14679K, committed 14976K, reserved 1048576K
}
Event: 9443.460 GC heap before
{Heap before GC invocations=87 (full 9):
 PSYoungGen      total 366592K, used 255024K [0x00000000e0000000, 0x00000000fd780000, 0x0000000100000000)
  eden space 250368K, 100% used [0x00000000e0000000,0x00000000ef480000,0x00000000ef480000)
  from space 116224K, 4% used [0x00000000ef480000,0x00000000ef90c030,0x00000000f6600000)
  to   space 114688K, 0% used [0x00000000f6780000,0x00000000f6780000,0x00000000fd780000)
 ParOldGen       total 438784K, used 311822K [0x00000000a0000000, 0x00000000bac80000, 0x00000000e0000000)
  object space 438784K, 71% used [0x00000000a0000000,0x00000000b3083948,0x00000000bac80000)
 Metaspace       used 107768K, capacity 112828K, committed 114008K, reserved 1148928K
  class space    used 13711K, capacity 14684K, committed 14976K, reserved 1048576K
Event: 9443.486 GC heap after
Heap after GC invocations=87 (full 9):
 PSYoungGen      total 365056K, used 5920K [0x00000000e0000000, 0x00000000fd780000, 0x0000000100000000)
  eden space 250368K, 0% used [0x00000000e0000000,0x00000000e0000000,0x00000000ef480000)
  from space 114688K, 5% used [0x00000000f6780000,0x00000000f6d48020,0x00000000fd780000)
  to   space 116224K, 0% used [0x00000000ef480000,0x00000000ef480000,0x00000000f6600000)
 ParOldGen       total 438784K, used 311830K [0x00000000a0000000, 0x00000000bac80000, 0x00000000e0000000)
  object space 438784K, 71% used [0x00000000a0000000,0x00000000b3085948,0x00000000bac80000)
 Metaspace       used 107768K, capacity 112828K, committed 114008K, reserved 1148928K
  class space    used 13711K, capacity 14684K, committed 14976K, reserved 1048576K
}
Event: 9444.795 GC heap before
{Heap before GC invocations=88 (full 9):
 PSYoungGen      total 365056K, used 256288K [0x00000000e0000000, 0x00000000fd780000, 0x0000000100000000)
  eden space 250368K, 100% used [0x00000000e0000000,0x00000000ef480000,0x00000000ef480000)
  from space 114688K, 5% used [0x00000000f6780000,0x00000000f6d48020,0x00000000fd780000)
  to   space 116224K, 0% used [0x00000000ef480000,0x00000000ef480000,0x00000000f6600000)
 ParOldGen       total 438784K, used 311830K [0x00000000a0000000, 0x00000000bac80000, 0x00000000e0000000)
  object space 438784K, 71% used [0x00000000a0000000,0x00000000b3085948,0x00000000bac80000)
 Metaspace       used 107782K, capacity 112900K, committed 114008K, reserved 1148928K
  class space    used 13713K, capacity 14686K, committed 14976K, reserved 1048576K
Event: 9444.846 GC heap after
Heap after GC invocations=88 (full 9):
 PSYoungGen      total 366592K, used 7744K [0x00000000e0000000, 0x00000000fdb80000, 0x0000000100000000)
  eden space 250368K, 0% used [0x00000000e0000000,0x00000000e0000000,0x00000000ef480000)
  from space 116224K, 6% used [0x00000000ef480000,0x00000000efc10020,0x00000000f6600000)
  to   space 110080K, 0% used [0x00000000f7000000,0x00000000f7000000,0x00000000fdb80000)
 ParOldGen       total 438784K, used 311830K [0x00000000a0000000, 0x00000000bac80000, 0x00000000e0000000)
  object space 438784K, 71% used [0x00000000a0000000,0x00000000b3085948,0x00000000bac80000)
 Metaspace       used 107782K, capacity 112900K, committed 114008K, reserved 1148928K
  class space    used 13713K, capacity 14686K, committed 14976K, reserved 1048576K
}

