# JRE version: OpenJDK Runtime Environment (8.0_152-b02) (build 1.8.0_152-release-1024-b02)
# Java VM: OpenJDK 64-Bit Server VM (25.152-b02 mixed mode windows-amd64 compressed oops)
Heap:
 PSYoungGen      total 452608K, used 88889K [0x00000000e0000000, 0x00000000ffe00000, 0x0000000100000000)
  eden space 384000K, 22% used [0x00000000e0000000,0x00000000e53eadb0,0x00000000f7700000)
  from space 68608K, 4% used [0x00000000fb980000,0x00000000fbc638a0,0x00000000ffc80000)
  to   space 68096K, 0% used [0x00000000f7700000,0x00000000f7700000,0x00000000fb980000)
 ParOldGen       total 201216K, used 148264K [0x00000000a0000000, 0x00000000ac480000, 0x00000000e0000000)
  object space 201216K, 73% used [0x00000000a0000000,0x00000000a90ca0c0,0x00000000ac480000)
 Metaspace       used 92165K, capacity 96196K, committed 96344K, reserved 1132544K
  class space    used 11546K, capacity 12388K, committed 12416K, reserved 1048576K
GC Heap History (10 events):
Event: 938.412 GC heap before
{Heap before GC invocations=93 (full 9):
 PSYoungGen      total 451072K, used 378880K [0x00000000e0000000, 0x0000000100000000, 0x0000000100000000)
  eden space 378880K, 100% used [0x00000000e0000000,0x00000000f7200000,0x00000000f7200000)
  from space 72192K, 0% used [0x00000000f7200000,0x00000000f7200000,0x00000000fb880000)
  to   space 73216K, 0% used [0x00000000fb880000,0x00000000fb880000,0x0000000100000000)
 ParOldGen       total 201216K, used 122535K [0x00000000a0000000, 0x00000000ac480000, 0x00000000e0000000)
  object space 201216K, 60% used [0x00000000a0000000,0x00000000a77a9dd8,0x00000000ac480000)
 Metaspace       used 91870K, capacity 95808K, committed 96088K, reserved 1132544K
  class space    used 11529K, capacity 12366K, committed 12416K, reserved 1048576K
Event: 938.441 GC heap after
Heap after GC invocations=93 (full 9):
 PSYoungGen      total 451584K, used 11936K [0x00000000e0000000, 0x0000000100000000, 0x0000000100000000)
  eden space 378368K, 0% used [0x00000000e0000000,0x00000000e0000000,0x00000000f7180000)
  from space 73216K, 16% used [0x00000000fb880000,0x00000000fc428020,0x0000000100000000)
  to   space 72704K, 0% used [0x00000000f7180000,0x00000000f7180000,0x00000000fb880000)
 ParOldGen       total 201216K, used 122535K [0x00000000a0000000, 0x00000000ac480000, 0x00000000e0000000)
  object space 201216K, 60% used [0x00000000a0000000,0x00000000a77a9dd8,0x00000000ac480000)
 Metaspace       used 91870K, capacity 95808K, committed 96088K, reserved 1132544K
  class space    used 11529K, capacity 12366K, committed 12416K, reserved 1048576K
}
Event: 940.123 GC heap before
{Heap before GC invocations=94 (full 9):
 PSYoungGen      total 451584K, used 390304K [0x00000000e0000000, 0x0000000100000000, 0x0000000100000000)
  eden space 378368K, 100% used [0x00000000e0000000,0x00000000f7180000,0x00000000f7180000)
  from space 73216K, 16% used [0x00000000fb880000,0x00000000fc428020,0x0000000100000000)
  to   space 72704K, 0% used [0x00000000f7180000,0x00000000f7180000,0x00000000fb880000)
 ParOldGen       total 201216K, used 122535K [0x00000000a0000000, 0x00000000ac480000, 0x00000000e0000000)
  object space 201216K, 60% used [0x00000000a0000000,0x00000000a77a9dd8,0x00000000ac480000)
 Metaspace       used 91884K, capacity 95808K, committed 96088K, reserved 1132544K
  class space    used 11529K, capacity 12366K, committed 12416K, reserved 1048576K
Event: 940.214 GC heap after
Heap after GC invocations=94 (full 9):
 PSYoungGen      total 390656K, used 12266K [0x00000000e0000000, 0x00000000ffc80000, 0x0000000100000000)
  eden space 378368K, 0% used [0x00000000e0000000,0x00000000e0000000,0x00000000f7180000)
  from space 12288K, 99% used [0x00000000f7180000,0x00000000f7d7abf0,0x00000000f7d80000)
  to   space 71168K, 0% used [0x00000000fb700000,0x00000000fb700000,0x00000000ffc80000)
 ParOldGen       total 201216K, used 132932K [0x00000000a0000000, 0x00000000ac480000, 0x00000000e0000000)
  object space 201216K, 66% used [0x00000000a0000000,0x00000000a81d13d8,0x00000000ac480000)
 Metaspace       used 91884K, capacity 95808K, committed 96088K, reserved 1132544K
  class space    used 11529K, capacity 12366K, committed 12416K, reserved 1048576K
}
Event: 949.627 GC heap before
{Heap before GC invocations=95 (full 9):
 PSYoungGen      total 390656K, used 390632K [0x00000000e0000000, 0x00000000ffc80000, 0x0000000100000000)
  eden space 378368K, 99% used [0x00000000e0000000,0x00000000f717f480,0x00000000f7180000)
  from space 12288K, 99% used [0x00000000f7180000,0x00000000f7d7abf0,0x00000000f7d80000)
  to   space 71168K, 0% used [0x00000000fb700000,0x00000000fb700000,0x00000000ffc80000)
 ParOldGen       total 201216K, used 132932K [0x00000000a0000000, 0x00000000ac480000, 0x00000000e0000000)
  object space 201216K, 66% used [0x00000000a0000000,0x00000000a81d13d8,0x00000000ac480000)
 Metaspace       used 91935K, capacity 95890K, committed 96088K, reserved 1132544K
  class space    used 11530K, capacity 12369K, committed 12416K, reserved 1048576K
Event: 949.655 GC heap after
Heap after GC invocations=95 (full 9):
 PSYoungGen      total 451072K, used 12272K [0x00000000e0000000, 0x0000000100000000, 0x0000000100000000)
  eden space 379904K, 0% used [0x00000000e0000000,0x00000000e0000000,0x00000000f7300000)
  from space 71168K, 17% used [0x00000000fb700000,0x00000000fc2fc278,0x00000000ffc80000)
  to   space 69632K, 0% used [0x00000000f7300000,0x00000000f7300000,0x00000000fb700000)
 ParOldGen       total 201216K, used 141723K [0x00000000a0000000, 0x00000000ac480000, 0x00000000e0000000)
  object space 201216K, 70% used [0x00000000a0000000,0x00000000a8a66c68,0x00000000ac480000)
 Metaspace       used 91935K, capacity 95890K, committed 96088K, reserved 1132544K
  class space    used 11530K, capacity 12369K, committed 12416K, reserved 1048576K
}
Event: 950.741 GC heap before
{Heap before GC invocations=96 (full 9):
 PSYoungGen      total 451072K, used 391496K [0x00000000e0000000, 0x0000000100000000, 0x0000000100000000)
  eden space 379904K, 99% used [0x00000000e0000000,0x00000000f7255f60,0x00000000f7300000)
  from space 71168K, 17% used [0x00000000fb700000,0x00000000fc2fc278,0x00000000ffc80000)
  to   space 69632K, 0% used [0x00000000f7300000,0x00000000f7300000,0x00000000fb700000)
 ParOldGen       total 201216K, used 141723K [0x00000000a0000000, 0x00000000ac480000, 0x00000000e0000000)
  object space 201216K, 70% used [0x00000000a0000000,0x00000000a8a66c68,0x00000000ac480000)
 Metaspace       used 91939K, capacity 95890K, committed 96088K, reserved 1132544K
  class space    used 11530K, capacity 12369K, committed 12416K, reserved 1048576K
Event: 950.750 GC heap after
Heap after GC invocations=96 (full 9):
 PSYoungGen      total 449536K, used 7798K [0x00000000e0000000, 0x00000000ffc80000, 0x0000000100000000)
  eden space 379904K, 0% used [0x00000000e0000000,0x00000000e0000000,0x00000000f7300000)
  from space 69632K, 11% used [0x00000000f7300000,0x00000000f7a9daa0,0x00000000fb700000)
  to   space 68608K, 0% used [0x00000000fb980000,0x00000000fb980000,0x00000000ffc80000)
 ParOldGen       total 201216K, used 147746K [0x00000000a0000000, 0x00000000ac480000, 0x00000000e0000000)
  object space 201216K, 73% used [0x00000000a0000000,0x00000000a9048a90,0x00000000ac480000)
 Metaspace       used 91939K, capacity 95890K, committed 96088K, reserved 1132544K
  class space    used 11530K, capacity 12369K, committed 12416K, reserved 1048576K
}
Event: 951.885 GC heap before
{Heap before GC invocations=97 (full 9):
 PSYoungGen      total 449536K, used 387702K [0x00000000e0000000, 0x00000000ffc80000, 0x0000000100000000)
  eden space 379904K, 100% used [0x00000000e0000000,0x00000000f7300000,0x00000000f7300000)
  from space 69632K, 11% used [0x00000000f7300000,0x00000000f7a9daa0,0x00000000fb700000)
  to   space 68608K, 0% used [0x00000000fb980000,0x00000000fb980000,0x00000000ffc80000)
 ParOldGen       total 201216K, used 147746K [0x00000000a0000000, 0x00000000ac480000, 0x00000000e0000000)
  object space 201216K, 73% used [0x00000000a0000000,0x00000000a9048a90,0x00000000ac480000)
 Metaspace       used 91939K, capacity 95890K, committed 96088K, reserved 1132544K
  class space    used 11530K, capacity 12369K, committed 12416K, reserved 1048576K
Event: 951.893 GC heap after
Heap after GC invocations=97 (full 9):
 PSYoungGen      total 452608K, used 2958K [0x00000000e0000000, 0x00000000ffe00000, 0x0000000100000000)
  eden space 384000K, 0% used [0x00000000e0000000,0x00000000e0000000,0x00000000f7700000)
  from space 68608K, 4% used [0x00000000fb980000,0x00000000fbc638a0,0x00000000ffc80000)
  to   space 68096K, 0% used [0x00000000f7700000,0x00000000f7700000,0x00000000fb980000)
 ParOldGen       total 201216K, used 148264K [0x00000000a0000000, 0x00000000ac480000, 0x00000000e0000000)
  object space 201216K, 73% used [0x00000000a0000000,0x00000000a90ca0c0,0x00000000ac480000)
 Metaspace       used 91939K, capacity 95890K, committed 96088K, reserved 1132544K
  class space    used 11530K, capacity 12369K, committed 12416K, reserved 1048576K
}

