# JRE version: OpenJDK Runtime Environment (8.0_152-b02) (build 1.8.0_152-release-1024-b02)
# Java VM: OpenJDK 64-Bit Server VM (25.152-b02 mixed mode windows-amd64 compressed oops)
Heap:
 PSYoungGen      total 86016K, used 12710K [0x00000000e0000000, 0x00000000e7280000, 0x0000000100000000)
  eden space 54784K, 23% used [0x00000000e0000000,0x00000000e0c50f58,0x00000000e3580000)
  from space 31232K, 0% used [0x00000000e3580000,0x00000000e35989b0,0x00000000e5400000)
  to   space 31232K, 0% used [0x00000000e5400000,0x00000000e5400000,0x00000000e7280000)
 ParOldGen       total 256000K, used 187018K [0x00000000a0000000, 0x00000000afa00000, 0x00000000e0000000)
  object space 256000K, 73% used [0x00000000a0000000,0x00000000ab6a29e8,0x00000000afa00000)
 Metaspace       used 57004K, capacity 58832K, committed 59096K, reserved 1099776K
  class space    used 7715K, capacity 8158K, committed 8192K, reserved 1048576K
GC Heap History (10 events):
Event: 238.013 GC heap before
{Heap before GC invocations=74 (full 7):
 PSYoungGen      total 72192K, used 45984K [0x00000000e0000000, 0x00000000e6680000, 0x0000000100000000)
  eden space 41472K, 100% used [0x00000000e0000000,0x00000000e2880000,0x00000000e2880000)
  from space 30720K, 14% used [0x00000000e4880000,0x00000000e4ce8000,0x00000000e6680000)
  to   space 31744K, 0% used [0x00000000e2880000,0x00000000e2880000,0x00000000e4780000)
 ParOldGen       total 256000K, used 182154K [0x00000000a0000000, 0x00000000afa00000, 0x00000000e0000000)
  object space 256000K, 71% used [0x00000000a0000000,0x00000000ab1e29e8,0x00000000afa00000)
 Metaspace       used 56848K, capacity 58672K, committed 58840K, reserved 1099776K
  class space    used 7686K, capacity 8126K, committed 8192K, reserved 1048576K
Event: 238.029 GC heap after
Heap after GC invocations=74 (full 7):
 PSYoungGen      total 73216K, used 160K [0x00000000e0000000, 0x00000000e6d80000, 0x0000000100000000)
  eden space 41472K, 0% used [0x00000000e0000000,0x00000000e0000000,0x00000000e2880000)
  from space 31744K, 0% used [0x00000000e2880000,0x00000000e28a8000,0x00000000e4780000)
  to   space 32256K, 0% used [0x00000000e4e00000,0x00000000e4e00000,0x00000000e6d80000)
 ParOldGen       total 256000K, used 186554K [0x00000000a0000000, 0x00000000afa00000, 0x00000000e0000000)
  object space 256000K, 72% used [0x00000000a0000000,0x00000000ab62e9e8,0x00000000afa00000)
 Metaspace       used 56848K, capacity 58672K, committed 58840K, reserved 1099776K
  class space    used 7686K, capacity 8126K, committed 8192K, reserved 1048576K
}
Event: 239.073 GC heap before
{Heap before GC invocations=75 (full 7):
 PSYoungGen      total 73216K, used 41632K [0x00000000e0000000, 0x00000000e6d80000, 0x0000000100000000)
  eden space 41472K, 100% used [0x00000000e0000000,0x00000000e2880000,0x00000000e2880000)
  from space 31744K, 0% used [0x00000000e2880000,0x00000000e28a8000,0x00000000e4780000)
  to   space 32256K, 0% used [0x00000000e4e00000,0x00000000e4e00000,0x00000000e6d80000)
 ParOldGen       total 256000K, used 186554K [0x00000000a0000000, 0x00000000afa00000, 0x00000000e0000000)
  object space 256000K, 72% used [0x00000000a0000000,0x00000000ab62e9e8,0x00000000afa00000)
 Metaspace       used 56864K, capacity 58672K, committed 58840K, reserved 1099776K
  class space    used 7688K, capacity 8126K, committed 8192K, reserved 1048576K
Event: 239.079 GC heap after
Heap after GC invocations=75 (full 7):
 PSYoungGen      total 78848K, used 448K [0x00000000e0000000, 0x00000000e6d00000, 0x0000000100000000)
  eden space 47104K, 0% used [0x00000000e0000000,0x00000000e0000000,0x00000000e2e00000)
  from space 31744K, 1% used [0x00000000e4e00000,0x00000000e4e70000,0x00000000e6d00000)
  to   space 32256K, 0% used [0x00000000e2e00000,0x00000000e2e00000,0x00000000e4d80000)
 ParOldGen       total 256000K, used 186578K [0x00000000a0000000, 0x00000000afa00000, 0x00000000e0000000)
  object space 256000K, 72% used [0x00000000a0000000,0x00000000ab6349e8,0x00000000afa00000)
 Metaspace       used 56864K, capacity 58672K, committed 58840K, reserved 1099776K
  class space    used 7688K, capacity 8126K, committed 8192K, reserved 1048576K
}
Event: 239.096 GC heap before
{Heap before GC invocations=76 (full 7):
 PSYoungGen      total 78848K, used 47552K [0x00000000e0000000, 0x00000000e6d00000, 0x0000000100000000)
  eden space 47104K, 100% used [0x00000000e0000000,0x00000000e2e00000,0x00000000e2e00000)
  from space 31744K, 1% used [0x00000000e4e00000,0x00000000e4e70000,0x00000000e6d00000)
  to   space 32256K, 0% used [0x00000000e2e00000,0x00000000e2e00000,0x00000000e4d80000)
 ParOldGen       total 256000K, used 186578K [0x00000000a0000000, 0x00000000afa00000, 0x00000000e0000000)
  object space 256000K, 72% used [0x00000000a0000000,0x00000000ab6349e8,0x00000000afa00000)
 Metaspace       used 56864K, capacity 58672K, committed 58840K, reserved 1099776K
  class space    used 7688K, capacity 8126K, committed 8192K, reserved 1048576K
Event: 239.103 GC heap after
Heap after GC invocations=76 (full 7):
 PSYoungGen      total 79360K, used 116K [0x00000000e0000000, 0x00000000e7300000, 0x0000000100000000)
  eden space 47104K, 0% used [0x00000000e0000000,0x00000000e0000000,0x00000000e2e00000)
  from space 32256K, 0% used [0x00000000e2e00000,0x00000000e2e1d150,0x00000000e4d80000)
  to   space 31744K, 0% used [0x00000000e5400000,0x00000000e5400000,0x00000000e7300000)
 ParOldGen       total 256000K, used 186946K [0x00000000a0000000, 0x00000000afa00000, 0x00000000e0000000)
  object space 256000K, 73% used [0x00000000a0000000,0x00000000ab6909e8,0x00000000afa00000)
 Metaspace       used 56864K, capacity 58672K, committed 58840K, reserved 1099776K
  class space    used 7688K, capacity 8126K, committed 8192K, reserved 1048576K
}
Event: 239.120 GC heap before
{Heap before GC invocations=77 (full 7):
 PSYoungGen      total 79360K, used 47220K [0x00000000e0000000, 0x00000000e7300000, 0x0000000100000000)
  eden space 47104K, 100% used [0x00000000e0000000,0x00000000e2e00000,0x00000000e2e00000)
  from space 32256K, 0% used [0x00000000e2e00000,0x00000000e2e1d150,0x00000000e4d80000)
  to   space 31744K, 0% used [0x00000000e5400000,0x00000000e5400000,0x00000000e7300000)
 ParOldGen       total 256000K, used 186946K [0x00000000a0000000, 0x00000000afa00000, 0x00000000e0000000)
  object space 256000K, 73% used [0x00000000a0000000,0x00000000ab6909e8,0x00000000afa00000)
 Metaspace       used 56864K, capacity 58672K, committed 58840K, reserved 1099776K
  class space    used 7688K, capacity 8126K, committed 8192K, reserved 1048576K
Event: 239.126 GC heap after
Heap after GC invocations=77 (full 7):
 PSYoungGen      total 86016K, used 91K [0x00000000e0000000, 0x00000000e7280000, 0x0000000100000000)
  eden space 54784K, 0% used [0x00000000e0000000,0x00000000e0000000,0x00000000e3580000)
  from space 31232K, 0% used [0x00000000e5400000,0x00000000e5416ee8,0x00000000e7280000)
  to   space 31232K, 0% used [0x00000000e3580000,0x00000000e3580000,0x00000000e5400000)
 ParOldGen       total 256000K, used 186986K [0x00000000a0000000, 0x00000000afa00000, 0x00000000e0000000)
  object space 256000K, 73% used [0x00000000a0000000,0x00000000ab69a9e8,0x00000000afa00000)
 Metaspace       used 56864K, capacity 58672K, committed 58840K, reserved 1099776K
  class space    used 7688K, capacity 8126K, committed 8192K, reserved 1048576K
}
Event: 239.163 GC heap before
{Heap before GC invocations=78 (full 7):
 PSYoungGen      total 86016K, used 54875K [0x00000000e0000000, 0x00000000e7280000, 0x0000000100000000)
  eden space 54784K, 100% used [0x00000000e0000000,0x00000000e3580000,0x00000000e3580000)
  from space 31232K, 0% used [0x00000000e5400000,0x00000000e5416ee8,0x00000000e7280000)
  to   space 31232K, 0% used [0x00000000e3580000,0x00000000e3580000,0x00000000e5400000)
 ParOldGen       total 256000K, used 186986K [0x00000000a0000000, 0x00000000afa00000, 0x00000000e0000000)
  object space 256000K, 73% used [0x00000000a0000000,0x00000000ab69a9e8,0x00000000afa00000)
 Metaspace       used 56865K, capacity 58672K, committed 58840K, reserved 1099776K
  class space    used 7688K, capacity 8126K, committed 8192K, reserved 1048576K
Event: 239.174 GC heap after
Heap after GC invocations=78 (full 7):
 PSYoungGen      total 86016K, used 98K [0x00000000e0000000, 0x00000000e7280000, 0x0000000100000000)
  eden space 54784K, 0% used [0x00000000e0000000,0x00000000e0000000,0x00000000e3580000)
  from space 31232K, 0% used [0x00000000e3580000,0x00000000e35989b0,0x00000000e5400000)
  to   space 31232K, 0% used [0x00000000e5400000,0x00000000e5400000,0x00000000e7280000)
 ParOldGen       total 256000K, used 187018K [0x00000000a0000000, 0x00000000afa00000, 0x00000000e0000000)
  object space 256000K, 73% used [0x00000000a0000000,0x00000000ab6a29e8,0x00000000afa00000)
 Metaspace       used 56865K, capacity 58672K, committed 58840K, reserved 1099776K
  class space    used 7688K, capacity 8126K, committed 8192K, reserved 1048576K
}

